[0.093s] DEBUG:colcon:Command line arguments: ['/usr/bin/colcon', 'build', '--packages-select', 'lidar_pkg']
[0.093s] DEBUG:colcon:Parsed command line arguments: Namespace(log_base=None, log_level=None, verb_name='build', build_base='build', install_base='install', merge_install=False, symlink_install=False, test_result_base=None, continue_on_error=False, executor='parallel', parallel_workers=16, event_handlers=None, ignore_user_meta=False, metas=['./colcon.meta'], base_paths=['.'], packages_ignore=None, packages_ignore_regex=None, paths=None, packages_up_to=None, packages_up_to_regex=None, packages_above=None, packages_above_and_dependencies=None, packages_above_depth=None, packages_select_by_dep=None, packages_skip_by_dep=None, packages_skip_up_to=None, packages_select_build_failed=False, packages_skip_build_finished=False, packages_select_test_failures=False, packages_skip_test_passed=False, packages_select=['lidar_pkg'], packages_skip=None, packages_select_regex=None, packages_skip_regex=None, packages_start=None, packages_end=None, allow_overriding=[], cmake_args=None, cmake_target=None, cmake_target_skip_unavailable=False, cmake_clean_cache=False, cmake_clean_first=False, cmake_force_configure=False, ament_cmake_args=None, catkin_cmake_args=None, catkin_skip_building_tests=False, mixin_files=None, mixin=None, verb_parser=<colcon_mixin.mixin.mixin_argument.MixinArgumentDecorator object at 0x77a0b092feb0>, verb_extension=<colcon_core.verb.build.BuildVerb object at 0x77a0b092f940>, main=<bound method BuildVerb.main of <colcon_core.verb.build.BuildVerb object at 0x77a0b092f940>>, mixin_verb=('build',))
[0.247s] Level 1:colcon.colcon_core.package_discovery:discover_packages(colcon_meta) check parameters
[0.247s] Level 1:colcon.colcon_core.package_discovery:discover_packages(recursive) check parameters
[0.247s] Level 1:colcon.colcon_core.package_discovery:discover_packages(ignore) check parameters
[0.247s] Level 1:colcon.colcon_core.package_discovery:discover_packages(path) check parameters
[0.247s] Level 1:colcon.colcon_core.package_discovery:discover_packages(colcon_meta) discover
[0.247s] Level 1:colcon.colcon_core.package_discovery:discover_packages(recursive) discover
[0.247s] INFO:colcon.colcon_core.package_discovery:Crawling recursively for packages in '/home/senne/ros2_ws/src/lidar_pkg'
[0.248s] Level 1:colcon.colcon_core.package_identification:_identify(.) by extensions ['ignore', 'ignore_ament_install']
[0.248s] Level 1:colcon.colcon_core.package_identification:_identify(.) by extension 'ignore'
[0.248s] Level 1:colcon.colcon_core.package_identification:_identify(.) by extension 'ignore_ament_install'
[0.248s] Level 1:colcon.colcon_core.package_identification:_identify(.) by extensions ['colcon_pkg']
[0.248s] Level 1:colcon.colcon_core.package_identification:_identify(.) by extension 'colcon_pkg'
[0.248s] Level 1:colcon.colcon_core.package_identification:_identify(.) by extensions ['colcon_meta']
[0.248s] Level 1:colcon.colcon_core.package_identification:_identify(.) by extension 'colcon_meta'
[0.248s] Level 1:colcon.colcon_core.package_identification:_identify(.) by extensions ['ros']
[0.248s] Level 1:colcon.colcon_core.package_identification:_identify(.) by extension 'ros'
[0.276s] DEBUG:colcon.colcon_core.package_identification:Package '.' with type 'ros.ament_python' and name 'lidar_pkg'
[0.276s] Level 1:colcon.colcon_core.package_discovery:discover_packages(recursive) using defaults
[0.276s] Level 1:colcon.colcon_core.package_discovery:discover_packages(ignore) discover
[0.276s] Level 1:colcon.colcon_core.package_discovery:discover_packages(ignore) using defaults
[0.276s] Level 1:colcon.colcon_core.package_discovery:discover_packages(path) discover
[0.276s] Level 1:colcon.colcon_core.package_discovery:discover_packages(path) using defaults
[0.293s] Level 1:colcon.colcon_core.package_discovery:discover_packages(prefix_path) check parameters
[0.293s] Level 1:colcon.colcon_core.package_discovery:discover_packages(prefix_path) discover
[0.295s] DEBUG:colcon.colcon_installed_package_information.package_discovery:Found 3 installed packages in /home/senne/ros2_ws/install
[0.295s] DEBUG:colcon.colcon_installed_package_information.package_discovery:Found 15 installed packages in /home/senne/turtlebot3_ws/install
[0.297s] DEBUG:colcon.colcon_installed_package_information.package_discovery:Found 376 installed packages in /opt/ros/humble
[0.299s] Level 1:colcon.colcon_core.package_discovery:discover_packages(prefix_path) using defaults
[0.335s] Level 5:colcon.colcon_core.verb:set package 'lidar_pkg' build argument 'cmake_args' from command line to 'None'
[0.336s] Level 5:colcon.colcon_core.verb:set package 'lidar_pkg' build argument 'cmake_target' from command line to 'None'
[0.336s] Level 5:colcon.colcon_core.verb:set package 'lidar_pkg' build argument 'cmake_target_skip_unavailable' from command line to 'False'
[0.336s] Level 5:colcon.colcon_core.verb:set package 'lidar_pkg' build argument 'cmake_clean_cache' from command line to 'False'
[0.336s] Level 5:colcon.colcon_core.verb:set package 'lidar_pkg' build argument 'cmake_clean_first' from command line to 'False'
[0.336s] Level 5:colcon.colcon_core.verb:set package 'lidar_pkg' build argument 'cmake_force_configure' from command line to 'False'
[0.336s] Level 5:colcon.colcon_core.verb:set package 'lidar_pkg' build argument 'ament_cmake_args' from command line to 'None'
[0.336s] Level 5:colcon.colcon_core.verb:set package 'lidar_pkg' build argument 'catkin_cmake_args' from command line to 'None'
[0.336s] Level 5:colcon.colcon_core.verb:set package 'lidar_pkg' build argument 'catkin_skip_building_tests' from command line to 'False'
[0.336s] DEBUG:colcon.colcon_core.verb:Building package 'lidar_pkg' with the following arguments: {'ament_cmake_args': None, 'build_base': '/home/senne/ros2_ws/src/lidar_pkg/build/lidar_pkg', 'catkin_cmake_args': None, 'catkin_skip_building_tests': False, 'cmake_args': None, 'cmake_clean_cache': False, 'cmake_clean_first': False, 'cmake_force_configure': False, 'cmake_target': None, 'cmake_target_skip_unavailable': False, 'install_base': '/home/senne/ros2_ws/src/lidar_pkg/install/lidar_pkg', 'merge_install': False, 'path': '/home/senne/ros2_ws/src/lidar_pkg', 'symlink_install': False, 'test_result_base': None}
[0.336s] INFO:colcon.colcon_core.executor:Executing jobs using 'parallel' executor
[0.338s] DEBUG:colcon.colcon_parallel_executor.executor.parallel:run_until_complete
[0.338s] INFO:colcon.colcon_ros.task.ament_python.build:Building ROS package in '/home/senne/ros2_ws/src/lidar_pkg' with build type 'ament_python'
[0.338s] Level 1:colcon.colcon_core.shell:create_environment_hook('lidar_pkg', 'ament_prefix_path')
[0.340s] INFO:colcon.colcon_core.plugin_system:Skipping extension 'colcon_core.shell.bat': Not used on non-Windows systems
[0.340s] INFO:colcon.colcon_core.shell:Creating environment hook '/home/senne/ros2_ws/src/lidar_pkg/install/lidar_pkg/share/lidar_pkg/hook/ament_prefix_path.ps1'
[0.341s] INFO:colcon.colcon_core.shell:Creating environment descriptor '/home/senne/ros2_ws/src/lidar_pkg/install/lidar_pkg/share/lidar_pkg/hook/ament_prefix_path.dsv'
[0.341s] INFO:colcon.colcon_core.shell:Creating environment hook '/home/senne/ros2_ws/src/lidar_pkg/install/lidar_pkg/share/lidar_pkg/hook/ament_prefix_path.sh'
[0.341s] INFO:colcon.colcon_core.shell:Skip shell extension 'powershell' for command environment: Not usable outside of PowerShell
[0.342s] DEBUG:colcon.colcon_core.shell:Skip shell extension 'dsv' for command environment
[0.585s] INFO:colcon.colcon_core.task.python.build:Building Python package in '/home/senne/ros2_ws/src/lidar_pkg'
[0.586s] INFO:colcon.colcon_core.shell:Skip shell extension 'powershell' for command environment: Not usable outside of PowerShell
[0.586s] DEBUG:colcon.colcon_core.shell:Skip shell extension 'dsv' for command environment
[0.940s] DEBUG:colcon.colcon_core.event_handler.log_command:Invoking command in '/home/senne/ros2_ws/src/lidar_pkg': PYTHONPATH=/home/senne/ros2_ws/src/lidar_pkg/build/lidar_pkg/prefix_override:/usr/lib/python3/dist-packages/colcon_core/task/python/colcon_distutils_commands:/home/senne/ros2_ws/src/lidar_pkg/install/lidar_pkg/lib/python3.10/site-packages:${PYTHONPATH} /usr/bin/python3 -W ignore:setup.py install is deprecated setup.py egg_info --egg-base build/lidar_pkg build --build-base /home/senne/ros2_ws/src/lidar_pkg/build/lidar_pkg/build install --record /home/senne/ros2_ws/src/lidar_pkg/build/lidar_pkg/install.log --single-version-externally-managed install_data
[1.204s] DEBUG:colcon.colcon_core.event_handler.log_command:Invoked command in '/home/senne/ros2_ws/src/lidar_pkg' returned '0': PYTHONPATH=/home/senne/ros2_ws/src/lidar_pkg/build/lidar_pkg/prefix_override:/usr/lib/python3/dist-packages/colcon_core/task/python/colcon_distutils_commands:/home/senne/ros2_ws/src/lidar_pkg/install/lidar_pkg/lib/python3.10/site-packages:${PYTHONPATH} /usr/bin/python3 -W ignore:setup.py install is deprecated setup.py egg_info --egg-base build/lidar_pkg build --build-base /home/senne/ros2_ws/src/lidar_pkg/build/lidar_pkg/build install --record /home/senne/ros2_ws/src/lidar_pkg/build/lidar_pkg/install.log --single-version-externally-managed install_data
[1.206s] Level 1:colcon.colcon_core.environment:checking '/home/senne/ros2_ws/src/lidar_pkg/install/lidar_pkg' for CMake module files
[1.206s] Level 1:colcon.colcon_core.environment:checking '/home/senne/ros2_ws/src/lidar_pkg/install/lidar_pkg' for CMake config files
[1.207s] Level 1:colcon.colcon_core.environment:checking '/home/senne/ros2_ws/src/lidar_pkg/install/lidar_pkg/lib'
[1.207s] Level 1:colcon.colcon_core.environment:checking '/home/senne/ros2_ws/src/lidar_pkg/install/lidar_pkg/bin'
[1.207s] Level 1:colcon.colcon_core.environment:checking '/home/senne/ros2_ws/src/lidar_pkg/install/lidar_pkg/lib/pkgconfig/lidar_pkg.pc'
[1.207s] Level 1:colcon.colcon_core.environment:checking '/home/senne/ros2_ws/src/lidar_pkg/install/lidar_pkg/lib/python3.10/site-packages'
[1.207s] Level 1:colcon.colcon_core.shell:create_environment_hook('lidar_pkg', 'pythonpath')
[1.207s] INFO:colcon.colcon_core.shell:Creating environment hook '/home/senne/ros2_ws/src/lidar_pkg/install/lidar_pkg/share/lidar_pkg/hook/pythonpath.ps1'
[1.208s] INFO:colcon.colcon_core.shell:Creating environment descriptor '/home/senne/ros2_ws/src/lidar_pkg/install/lidar_pkg/share/lidar_pkg/hook/pythonpath.dsv'
[1.208s] INFO:colcon.colcon_core.shell:Creating environment hook '/home/senne/ros2_ws/src/lidar_pkg/install/lidar_pkg/share/lidar_pkg/hook/pythonpath.sh'
[1.208s] Level 1:colcon.colcon_core.environment:checking '/home/senne/ros2_ws/src/lidar_pkg/install/lidar_pkg/bin'
[1.209s] Level 1:colcon.colcon_core.environment:create_environment_scripts_only(lidar_pkg)
[1.209s] INFO:colcon.colcon_core.shell:Creating package script '/home/senne/ros2_ws/src/lidar_pkg/install/lidar_pkg/share/lidar_pkg/package.ps1'
[1.209s] INFO:colcon.colcon_core.shell:Creating package descriptor '/home/senne/ros2_ws/src/lidar_pkg/install/lidar_pkg/share/lidar_pkg/package.dsv'
[1.210s] INFO:colcon.colcon_core.shell:Creating package script '/home/senne/ros2_ws/src/lidar_pkg/install/lidar_pkg/share/lidar_pkg/package.sh'
[1.210s] INFO:colcon.colcon_core.shell:Creating package script '/home/senne/ros2_ws/src/lidar_pkg/install/lidar_pkg/share/lidar_pkg/package.bash'
[1.211s] INFO:colcon.colcon_core.shell:Creating package script '/home/senne/ros2_ws/src/lidar_pkg/install/lidar_pkg/share/lidar_pkg/package.zsh'
[1.211s] Level 1:colcon.colcon_core.environment:create_file_with_runtime_dependencies(/home/senne/ros2_ws/src/lidar_pkg/install/lidar_pkg/share/colcon-core/packages/lidar_pkg)
[1.211s] DEBUG:colcon.colcon_parallel_executor.executor.parallel:closing loop
[1.212s] DEBUG:colcon.colcon_parallel_executor.executor.parallel:loop closed
[1.212s] DEBUG:colcon.colcon_parallel_executor.executor.parallel:run_until_complete finished with '0'
[1.212s] DEBUG:colcon.colcon_core.event_reactor:joining thread
[1.217s] INFO:colcon.colcon_core.plugin_system:Skipping extension 'colcon_notification.desktop_notification.terminal_notifier': Not used on non-Darwin systems
[1.217s] INFO:colcon.colcon_core.plugin_system:Skipping extension 'colcon_notification.desktop_notification.win32': Not used on non-Windows systems
[1.217s] INFO:colcon.colcon_notification.desktop_notification:Sending desktop notification using 'notify2'
[1.228s] DEBUG:colcon.colcon_core.event_reactor:joined thread
[1.229s] INFO:colcon.colcon_core.shell:Creating prefix script '/home/senne/ros2_ws/src/lidar_pkg/install/local_setup.ps1'
[1.230s] INFO:colcon.colcon_core.shell:Creating prefix util module '/home/senne/ros2_ws/src/lidar_pkg/install/_local_setup_util_ps1.py'
[1.231s] INFO:colcon.colcon_core.shell:Creating prefix chain script '/home/senne/ros2_ws/src/lidar_pkg/install/setup.ps1'
[1.232s] INFO:colcon.colcon_core.shell:Creating prefix script '/home/senne/ros2_ws/src/lidar_pkg/install/local_setup.sh'
[1.233s] INFO:colcon.colcon_core.shell:Creating prefix util module '/home/senne/ros2_ws/src/lidar_pkg/install/_local_setup_util_sh.py'
[1.233s] INFO:colcon.colcon_core.shell:Creating prefix chain script '/home/senne/ros2_ws/src/lidar_pkg/install/setup.sh'
[1.235s] INFO:colcon.colcon_core.shell:Creating prefix script '/home/senne/ros2_ws/src/lidar_pkg/install/local_setup.bash'
[1.235s] INFO:colcon.colcon_core.shell:Creating prefix chain script '/home/senne/ros2_ws/src/lidar_pkg/install/setup.bash'
[1.237s] INFO:colcon.colcon_core.shell:Creating prefix script '/home/senne/ros2_ws/src/lidar_pkg/install/local_setup.zsh'
[1.237s] INFO:colcon.colcon_core.shell:Creating prefix chain script '/home/senne/ros2_ws/src/lidar_pkg/install/setup.zsh'
