[0.602s] Invoking command in '/home/senne/ros2_ws/src/lidar_pkg': PYTHONPATH=/home/senne/ros2_ws/src/lidar_pkg/build/lidar_pkg/prefix_override:/usr/lib/python3/dist-packages/colcon_core/task/python/colcon_distutils_commands:/home/senne/ros2_ws/src/lidar_pkg/install/lidar_pkg/lib/python3.10/site-packages:${PYTHONPATH} /usr/bin/python3 -W ignore:setup.py install is deprecated setup.py egg_info --egg-base build/lidar_pkg build --build-base /home/senne/ros2_ws/src/lidar_pkg/build/lidar_pkg/build install --record /home/senne/ros2_ws/src/lidar_pkg/build/lidar_pkg/install.log --single-version-externally-managed install_data
[0.805s] running egg_info
[0.805s] creating build/lidar_pkg/lidar_pkg.egg-info
[0.805s] writing build/lidar_pkg/lidar_pkg.egg-info/PKG-INFO
[0.805s] writing dependency_links to build/lidar_pkg/lidar_pkg.egg-info/dependency_links.txt
[0.806s] writing entry points to build/lidar_pkg/lidar_pkg.egg-info/entry_points.txt
[0.806s] writing requirements to build/lidar_pkg/lidar_pkg.egg-info/requires.txt
[0.806s] writing top-level names to build/lidar_pkg/lidar_pkg.egg-info/top_level.txt
[0.806s] writing manifest file 'build/lidar_pkg/lidar_pkg.egg-info/SOURCES.txt'
[0.807s] reading manifest file 'build/lidar_pkg/lidar_pkg.egg-info/SOURCES.txt'
[0.808s] writing manifest file 'build/lidar_pkg/lidar_pkg.egg-info/SOURCES.txt'
[0.808s] running build
[0.808s] running build_py
[0.808s] creating /home/senne/ros2_ws/src/lidar_pkg/build/lidar_pkg/build
[0.808s] creating /home/senne/ros2_ws/src/lidar_pkg/build/lidar_pkg/build/lib
[0.808s] creating /home/senne/ros2_ws/src/lidar_pkg/build/lidar_pkg/build/lib/lidar_pkg
[0.808s] copying lidar_pkg/lidar.py -> /home/senne/ros2_ws/src/lidar_pkg/build/lidar_pkg/build/lib/lidar_pkg
[0.808s] copying lidar_pkg/__init__.py -> /home/senne/ros2_ws/src/lidar_pkg/build/lidar_pkg/build/lib/lidar_pkg
[0.808s] running install
[0.808s] running install_lib
[0.809s] creating /home/senne/ros2_ws/src/lidar_pkg/install/lidar_pkg/lib/python3.10/site-packages/lidar_pkg
[0.809s] copying /home/senne/ros2_ws/src/lidar_pkg/build/lidar_pkg/build/lib/lidar_pkg/lidar.py -> /home/senne/ros2_ws/src/lidar_pkg/install/lidar_pkg/lib/python3.10/site-packages/lidar_pkg
[0.809s] copying /home/senne/ros2_ws/src/lidar_pkg/build/lidar_pkg/build/lib/lidar_pkg/__init__.py -> /home/senne/ros2_ws/src/lidar_pkg/install/lidar_pkg/lib/python3.10/site-packages/lidar_pkg
[0.810s] byte-compiling /home/senne/ros2_ws/src/lidar_pkg/install/lidar_pkg/lib/python3.10/site-packages/lidar_pkg/lidar.py to lidar.cpython-310.pyc
[0.810s] byte-compiling /home/senne/ros2_ws/src/lidar_pkg/install/lidar_pkg/lib/python3.10/site-packages/lidar_pkg/__init__.py to __init__.cpython-310.pyc
[0.810s] running install_data
[0.810s] creating /home/senne/ros2_ws/src/lidar_pkg/install/lidar_pkg/share/ament_index
[0.810s] creating /home/senne/ros2_ws/src/lidar_pkg/install/lidar_pkg/share/ament_index/resource_index
[0.810s] creating /home/senne/ros2_ws/src/lidar_pkg/install/lidar_pkg/share/ament_index/resource_index/packages
[0.810s] copying resource/lidar_pkg -> /home/senne/ros2_ws/src/lidar_pkg/install/lidar_pkg/share/ament_index/resource_index/packages
[0.810s] copying package.xml -> /home/senne/ros2_ws/src/lidar_pkg/install/lidar_pkg/share/lidar_pkg
[0.810s] running install_egg_info
[0.812s] Copying build/lidar_pkg/lidar_pkg.egg-info to /home/senne/ros2_ws/src/lidar_pkg/install/lidar_pkg/lib/python3.10/site-packages/lidar_pkg-0.0.0-py3.10.egg-info
[0.812s] running install_scripts
[0.829s] Installing lidar_node script to /home/senne/ros2_ws/src/lidar_pkg/install/lidar_pkg/lib/lidar_pkg
[0.829s] writing list of installed files to '/home/senne/ros2_ws/src/lidar_pkg/build/lidar_pkg/install.log'
[0.865s] Invoked command in '/home/senne/ros2_ws/src/lidar_pkg' returned '0': PYTHONPATH=/home/senne/ros2_ws/src/lidar_pkg/build/lidar_pkg/prefix_override:/usr/lib/python3/dist-packages/colcon_core/task/python/colcon_distutils_commands:/home/senne/ros2_ws/src/lidar_pkg/install/lidar_pkg/lib/python3.10/site-packages:${PYTHONPATH} /usr/bin/python3 -W ignore:setup.py install is deprecated setup.py egg_info --egg-base build/lidar_pkg build --build-base /home/senne/ros2_ws/src/lidar_pkg/build/lidar_pkg/build install --record /home/senne/ros2_ws/src/lidar_pkg/build/lidar_pkg/install.log --single-version-externally-managed install_data
